This is pdfTeX, Version 3.1415926-2.3-1.40.12 (MiKTeX 2.9 64-bit) (preloaded format=pdflatex 2012.1.2)  29 JUN 2012 13:24
entering extended mode
**C:/Users/LanzSteff/Dropbox/Uni/Bachelorprojekt/latex/Bachelor.tex
(C:/Users/LanzSteff/Dropbox/Uni/Bachelorprojekt/latex/Bachelor.tex
LaTeX2e <2011/06/27>
Babel <v3.8m> and hyphenation patterns for english, afrikaans, ancientgreek, ar
abic, armenian, assamese, basque, bengali, bokmal, bulgarian, catalan, coptic, 
croatian, czech, danish, dutch, esperanto, estonian, farsi, finnish, french, ga
lician, german, german-x-2009-06-19, greek, gujarati, hindi, hungarian, iceland
ic, indonesian, interlingua, irish, italian, kannada, kurmanji, lao, latin, lat
vian, lithuanian, malayalam, marathi, mongolian, mongolianlmc, monogreek, ngerm
an, ngerman-x-2009-06-19, nynorsk, oriya, panjabi, pinyin, polish, portuguese, 
romanian, russian, sanskrit, serbian, slovak, slovenian, spanish, swedish, swis
sgerman, tamil, telugu, turkish, turkmen, ukenglish, ukrainian, uppersorbian, u
senglishmax, welsh, loaded.
("C:\Program Files\MiKTeX 2.9\tex\latex\base\report.cls"
Document Class: report 2007/10/19 v1.4h Standard LaTeX document class
("C:\Program Files\MiKTeX 2.9\tex\latex\base\size12.clo"
File: size12.clo 2007/10/19 v1.4h Standard LaTeX file (size option)
)
\c@part=\count79
\c@chapter=\count80
\c@section=\count81
\c@subsection=\count82
\c@subsubsection=\count83
\c@paragraph=\count84
\c@subparagraph=\count85
\c@figure=\count86
\c@table=\count87
\abovecaptionskip=\skip41
\belowcaptionskip=\skip42
\bibindent=\dimen102
)
("C:\Program Files\MiKTeX 2.9\tex\latex\ams\math\amstext.sty"
Package: amstext 2000/06/29 v2.01

("C:\Program Files\MiKTeX 2.9\tex\latex\ams\math\amsgen.sty"
File: amsgen.sty 1999/11/30 v2.0
\@emptytoks=\toks14
\ex@=\dimen103
))
("C:\Program Files\MiKTeX 2.9\tex\latex\amsfonts\amsfonts.sty"
Package: amsfonts 2009/06/22 v3.00 Basic AMSFonts support
\symAMSa=\mathgroup4
\symAMSb=\mathgroup5
LaTeX Font Info:    Overwriting math alphabet `\mathfrak' in version `bold'
(Font)                  U/euf/m/n --> U/euf/b/n on input line 96.
)
("C:\Program Files\MiKTeX 2.9\tex\latex\graphics\graphicx.sty"
Package: graphicx 1999/02/16 v1.0f Enhanced LaTeX Graphics (DPC,SPQR)

("C:\Program Files\MiKTeX 2.9\tex\latex\graphics\keyval.sty"
Package: keyval 1999/03/16 v1.13 key=value parser (DPC)
\KV@toks@=\toks15
)
("C:\Program Files\MiKTeX 2.9\tex\latex\graphics\graphics.sty"
Package: graphics 2009/02/05 v1.0o Standard LaTeX Graphics (DPC,SPQR)

("C:\Program Files\MiKTeX 2.9\tex\latex\graphics\trig.sty"
Package: trig 1999/03/16 v1.09 sin cos tan (DPC)
)
("C:\Program Files\MiKTeX 2.9\tex\latex\00miktex\graphics.cfg"
File: graphics.cfg 2007/01/18 v1.5 graphics configuration of teTeX/TeXLive
)
Package graphics Info: Driver file: pdftex.def on input line 91.

("C:\Program Files\MiKTeX 2.9\tex\latex\pdftex-def\pdftex.def"
File: pdftex.def 2011/05/27 v0.06d Graphics/color for pdfTeX

("C:\Program Files\MiKTeX 2.9\tex\generic\oberdiek\infwarerr.sty"
Package: infwarerr 2010/04/08 v1.3 Providing info/warning/message (HO)
)
("C:\Program Files\MiKTeX 2.9\tex\generic\oberdiek\ltxcmds.sty"
Package: ltxcmds 2011/04/18 v1.20 LaTeX kernel commands for general use (HO)
)
\Gread@gobject=\count88
))
\Gin@req@height=\dimen104
\Gin@req@width=\dimen105
)
("C:\Program Files\MiKTeX 2.9\tex\latex\amsfonts\amssymb.sty"
Package: amssymb 2009/06/22 v3.00
)
("C:\Program Files\MiKTeX 2.9\tex\latex\ams\classes\amsthm.sty"
Package: amsthm 2004/08/06 v2.20
\thm@style=\toks16
\thm@bodyfont=\toks17
\thm@headfont=\toks18
\thm@notefont=\toks19
\thm@headpunct=\toks20
\thm@preskip=\skip43
\thm@postskip=\skip44
\thm@headsep=\skip45
\dth@everypar=\toks21
)
("C:\Program Files\MiKTeX 2.9\tex\latex\ams\math\amsmath.sty"
Package: amsmath 2000/07/18 v2.13 AMS math features
\@mathmargin=\skip46

For additional information on amsmath, use the `?' option.
("C:\Program Files\MiKTeX 2.9\tex\latex\ams\math\amsbsy.sty"
Package: amsbsy 1999/11/29 v1.2d
\pmbraise@=\dimen106
)
("C:\Program Files\MiKTeX 2.9\tex\latex\ams\math\amsopn.sty"
Package: amsopn 1999/12/14 v2.01 operator names
)
\inf@bad=\count89
LaTeX Info: Redefining \frac on input line 211.
\uproot@=\count90
\leftroot@=\count91
LaTeX Info: Redefining \overline on input line 307.
\classnum@=\count92
\DOTSCASE@=\count93
LaTeX Info: Redefining \ldots on input line 379.
LaTeX Info: Redefining \dots on input line 382.
LaTeX Info: Redefining \cdots on input line 467.
\Mathstrutbox@=\box26
\strutbox@=\box27
\big@size=\dimen107
LaTeX Font Info:    Redeclaring font encoding OML on input line 567.
LaTeX Font Info:    Redeclaring font encoding OMS on input line 568.
\macc@depth=\count94
\c@MaxMatrixCols=\count95
\dotsspace@=\muskip10
\c@parentequation=\count96
\dspbrk@lvl=\count97
\tag@help=\toks22
\row@=\count98
\column@=\count99
\maxfields@=\count100
\andhelp@=\toks23
\eqnshift@=\dimen108
\alignsep@=\dimen109
\tagshift@=\dimen110
\tagwidth@=\dimen111
\totwidth@=\dimen112
\lineht@=\dimen113
\@envbody=\toks24
\multlinegap=\skip47
\multlinetaggap=\skip48
\mathdisplay@stack=\toks25
LaTeX Info: Redefining \[ on input line 2666.
LaTeX Info: Redefining \] on input line 2667.
)
("C:\Program Files\MiKTeX 2.9\tex\latex\ams\math\amscd.sty"
Package: amscd 1999/11/29 v2.0
\athelp@=\toks26
\minaw@=\dimen114
\bigaw@=\dimen115
\minCDarrowwidth=\dimen116
)
("C:\Program Files\MiKTeX 2.9\tex\latex\base\latexsym.sty"
Package: latexsym 1998/08/17 v2.2e Standard LaTeX package (lasy symbols)
\symlasy=\mathgroup6
LaTeX Font Info:    Overwriting symbol font `lasy' in version `bold'
(Font)                  U/lasy/m/n --> U/lasy/b/n on input line 47.
)
("C:\Program Files\MiKTeX 2.9\tex\generic\babel\babel.sty"
Package: babel 2008/07/08 v3.8m The Babel package

*************************************
* Local config file bblopts.cfg used
*
("C:\Program Files\MiKTeX 2.9\tex\latex\00miktex\bblopts.cfg"
File: bblopts.cfg 2006/07/31 v1.0 MiKTeX 'babel' configuration
)
("C:\Program Files\MiKTeX 2.9\tex\generic\babel\ngermanb.ldf"
Language: ngermanb 2008/07/06 v2.6n new German support from the babel system

("C:\Program Files\MiKTeX 2.9\tex\generic\babel\babel.def"
File: babel.def 2008/07/08 v3.8m Babel common definitions
\babel@savecnt=\count101
\U@D=\dimen117
)
\l@naustrian = a dialect from \language\l@ngerman 
Package babel Info: Making " an active character on input line 92.
))
("C:\Program Files\MiKTeX 2.9\tex\latex\base\inputenc.sty"
Package: inputenc 2008/03/30 v1.1d Input encoding file
\inpenc@prehook=\toks27
\inpenc@posthook=\toks28

("C:\Program Files\MiKTeX 2.9\tex\latex\base\latin1.def"
File: latin1.def 2008/03/30 v1.1d Input encoding file
))
(C:\Users\LanzSteff\AppData\Roaming\MiKTeX\2.9\tex\latex\fancyhdr\fancyheadings
.sty
Package: fancyheadings 2008/02/04 1.99 Dummy package to call fancyhdr


Package fancyheadings Warning: Please stop using fancyheadings!
(fancyheadings)                Use fancyhdr instead.
(fancyheadings)                We will call fancyhdr with the very same
(fancyheadings)                options you passed to fancyheadings.
(fancyheadings)                
(fancyheadings)                fancyhdr is 99 percent compatible with
(fancyheadings)                fancyheadings. The only incompatibility is
(fancyheadings)                that \headrulewidth and \footrulewidth and
(fancyheadings)                their \plain... versions are no longer length
(fancyheadings)                parameters, but normal macros (to be changed
(fancyheadings)                with \renewcommand rather than \setlength)..

(C:\Users\LanzSteff\AppData\Roaming\MiKTeX\2.9\tex\latex\fancyhdr\fancyhdr.sty
\fancy@headwidth=\skip49
\f@ncyO@elh=\skip50
\f@ncyO@erh=\skip51
\f@ncyO@olh=\skip52
\f@ncyO@orh=\skip53
\f@ncyO@elf=\skip54
\f@ncyO@erf=\skip55
\f@ncyO@olf=\skip56
\f@ncyO@orf=\skip57
)) ("C:\Program Files\MiKTeX 2.9\tex\latex\float\float.sty"
Package: float 2001/11/08 v1.3d Float enhancements (AL)
\c@float@type=\count102
\float@exts=\toks29
\float@box=\box28
\@float@everytoks=\toks30
\@floatcapt=\box29
)
\c@thm=\count103

(C:\Users\LanzSteff\Dropbox\Uni\Bachelorprojekt\latex\Bachelor.aux
(C:\Users\LanzSteff\Dropbox\Uni\Bachelorprojekt\latex\abstract.aux)
(C:\Users\LanzSteff\Dropbox\Uni\Bachelorprojekt\latex\introduction.aux)
(C:\Users\LanzSteff\Dropbox\Uni\Bachelorprojekt\latex\recurrent.aux)
(C:\Users\LanzSteff\Dropbox\Uni\Bachelorprojekt\latex\elman.aux)
(C:\Users\LanzSteff\Dropbox\Uni\Bachelorprojekt\latex\algorithm.aux)
(C:\Users\LanzSteff\Dropbox\Uni\Bachelorprojekt\latex\system_identification.aux
)
(C:\Users\LanzSteff\Dropbox\Uni\Bachelorprojekt\latex\funktionen_approximation.
aux) (C:\Users\LanzSteff\Dropbox\Uni\Bachelorprojekt\latex\abbildung.aux))
LaTeX Font Info:    Checking defaults for OML/cmm/m/it on input line 37.
LaTeX Font Info:    ... okay on input line 37.
LaTeX Font Info:    Checking defaults for T1/cmr/m/n on input line 37.
LaTeX Font Info:    ... okay on input line 37.
LaTeX Font Info:    Checking defaults for OT1/cmr/m/n on input line 37.
LaTeX Font Info:    ... okay on input line 37.
LaTeX Font Info:    Checking defaults for OMS/cmsy/m/n on input line 37.
LaTeX Font Info:    ... okay on input line 37.
LaTeX Font Info:    Checking defaults for OMX/cmex/m/n on input line 37.
LaTeX Font Info:    ... okay on input line 37.
LaTeX Font Info:    Checking defaults for U/cmr/m/n on input line 37.
LaTeX Font Info:    ... okay on input line 37.

(C:\Users\LanzSteff\AppData\Roaming\MiKTeX\2.9\tex\context\base\supp-pdf.mkii
[Loading MPS to PDF converter (version 2006.09.02).]
\scratchcounter=\count104
\scratchdimen=\dimen118
\scratchbox=\box30
\nofMPsegments=\count105
\nofMParguments=\count106
\everyMPshowfont=\toks31
\MPscratchCnt=\count107
\MPscratchDim=\dimen119
\MPnumerator=\count108
\makeMPintoPDFobject=\count109
\everyMPtoPDFconversion=\toks32
) [1

{C:/Users/LanzSteff/AppData/Local/MiKTeX/2.9/pdftex/config/pdftex.map}]
(C:\Users\LanzSteff\Dropbox\Uni\Bachelorprojekt\latex\abstract.tex
Underfull \hbox (badness 10000) in paragraph at lines 3--5

 []

)

Package Fancyhdr Warning: \headheight is too small (12.0pt): 
 Make it at least 14.49998pt.
 We now make it that large for the rest of the document.
 This may cause the page layout to be inconsistent, however.

[1

] (C:\Users\LanzSteff\Dropbox\Uni\Bachelorprojekt\latex\Bachelor.toc
LaTeX Font Info:    Try loading font information for U+msa on input line 3.

("C:\Program Files\MiKTeX 2.9\tex\latex\amsfonts\umsa.fd"
File: umsa.fd 2009/06/22 v3.00 AMS symbols A
)
LaTeX Font Info:    Try loading font information for U+msb on input line 3.

("C:\Program Files\MiKTeX 2.9\tex\latex\amsfonts\umsb.fd"
File: umsb.fd 2009/06/22 v3.00 AMS symbols B
)
LaTeX Font Info:    Try loading font information for U+lasy on input line 3.

("C:\Program Files\MiKTeX 2.9\tex\latex\base\ulasy.fd"
File: ulasy.fd 1998/08/17 v2.2e LaTeX symbol font definitions
))
\tf@toc=\write3
 [2


]
(C:\Users\LanzSteff\Dropbox\Uni\Bachelorprojekt\latex\introduction.tex
Kapitel 1.
<SingleLayer.png, id=15, 388.45125pt x 348.30125pt>
File: SingleLayer.png Graphic file (type png)
 <use SingleLayer.png>
Package pdftex.def Info: SingleLayer.png used on input line 14.
(pdftex.def)             Requested size: 190.39612pt x 170.71652pt.

[3


] <MultiLayer.png, id=20, 622.325pt x 348.30125pt>
File: MultiLayer.png Graphic file (type png)
 <use MultiLayer.png>
Package pdftex.def Info: MultiLayer.png used on input line 23.
(pdftex.def)             Requested size: 305.02737pt x 170.71652pt.

<Recurrent.png, id=21, 391.4625pt x 405.515pt>
File: Recurrent.png Graphic file (type png)
 <use Recurrent.png>
Package pdftex.def Info: Recurrent.png used on input line 32.
(pdftex.def)             Requested size: 164.80138pt x 170.71652pt.
 [4 <C:/Users/LanzSteff/Dropbox/Uni/Bachelorprojekt/latex/SingleLayer.png> <C:/
Users/LanzSteff/Dropbox/Uni/Bachelorprojekt/latex/MultiLayer.png>]
<Recurrent2.jpg, id=28, 352.31625pt x 333.49594pt>
File: Recurrent2.jpg Graphic file (type jpg)
 <use Recurrent2.jpg>
Package pdftex.def Info: Recurrent2.jpg used on input line 40.
(pdftex.def)             Requested size: 240.47502pt x 227.62204pt.

[5 <C:/Users/LanzSteff/Dropbox/Uni/Bachelorprojekt/latex/Recurrent.png>])
[6 <C:/Users/LanzSteff/Dropbox/Uni/Bachelorprojekt/latex/Recurrent2.jpg>]
(C:\Users\LanzSteff\Dropbox\Uni\Bachelorprojekt\latex\recurrent.tex
Kapitel 2.
<narx.jpg, id=37, 222.56602pt x 190.58813pt>
File: narx.jpg Graphic file (type jpg)
 <use narx.jpg>
Package pdftex.def Info: narx.jpg used on input line 8.
(pdftex.def)             Requested size: 265.82474pt x 227.62204pt.
 [7



 <C:/Users/LanzSteff/Dropbox/Uni/Bachelorprojekt/latex/narx.jpg>]
LaTeX Font Info:    Try loading font information for OMS+cmr on input line 15.

("C:\Program Files\MiKTeX 2.9\tex\latex\base\omscmr.fd"
File: omscmr.fd 1999/05/25 v2.5h Standard LaTeX font definitions
)
LaTeX Font Info:    Font shape `OMS/cmr/m/n' in size <12> not available
(Font)              Font shape `OMS/cmsy/m/n' tried instead on input line 15.

<StateSpace.png, id=41, 456.20438pt x 89.58469pt>
File: StateSpace.png Graphic file (type png)
 <use StateSpace.png>
Package pdftex.def Info: StateSpace.png used on input line 25.
(pdftex.def)             Requested size: 341.43306pt x 67.0489pt.

Underfull \hbox (badness 10000) in paragraph at lines 33--35

 []

) [8 <C:/Users/LanzSteff/Dropbox/Uni/Bachelorprojekt/latex/StateSpace.png>]
(C:\Users\LanzSteff\Dropbox\Uni\Bachelorprojekt\latex\elman.tex
Kapitel 3.
<elman.png, id=48, 1755.55875pt x 1461.46pt>
File: elman.png Graphic file (type png)
 <use elman.png>
Package pdftex.def Info: elman.png used on input line 5.
(pdftex.def)             Requested size: 205.05934pt x 170.71652pt.
) [9



 <C:/Users/LanzSteff/Dropbox/Uni/Bachelorprojekt/latex/elman.png>]
(C:\Users\LanzSteff\Dropbox\Uni\Bachelorprojekt\latex\algorithm.tex
Kapitel 4.

Overfull \hbox (29.48871pt too wide) in paragraph at lines 8--9
\OT1/cmr/m/n/12 In die-ser Ar-beit wird spe-zi-ell auf den dy-na-mi-schen Back-
pro-pa-ga-ti-on Algorithmus[[]]
 []

<BasicElman.png, id=53, 302.63063pt x 205.5178pt>
File: BasicElman.png Graphic file (type png)
 <use BasicElman.png>
Package pdftex.def Info: BasicElman.png used on input line 13.
(pdftex.def)             Requested size: 251.38654pt x 170.71652pt.

Overfull \hbox (23.33408pt too wide) in paragraph at lines 17--18
\OT1/cmr/m/n/12 man 1990[[]]. Die feedforward-Verbindungen (ge-stri-chel-te Li-
ni-en) sind ver[]anderbar
 []

[10



 <C:/Users/LanzSteff/Dropbox/Uni/Bachelorprojekt/latex/BasicElman.png>]
[11]
Underfull \hbox (badness 10000) in paragraph at lines 70--71

 []

[12]) [13]
(C:\Users\LanzSteff\Dropbox\Uni\Bachelorprojekt\latex\system_identification.tex
Kapitel 5.

Overfull \hbox (5.30145pt too wide) in paragraph at lines 2--3
\OT1/cmr/m/n/12 Iden-ti-fi-ca-ti-on ei-nes Input-Output Mo-del und zum An-de-re
n ei-ne un-gew[]ohnliche
 []

[14



] <architektur2.png, id=73, 436.63126pt x 281.55188pt>
File: architektur2.png Graphic file (type png)

<use architektur2.png>
Package pdftex.def Info: architektur2.png used on input line 24.
(pdftex.def)             Requested size: 308.87108pt x 199.16928pt.
 <sigmoid.png, id=74, 361.35pt x 236.885pt>
File: sigmoid.png Graphic file (type png)

<use sigmoid.png>
Package pdftex.def Info: sigmoid.png used on input line 40.
(pdftex.def)             Requested size: 260.41992pt x 170.71652pt.
 [15 <C:/Users/LanzSteff/Dropbox/Uni/Bachelorprojekt/latex/architektur2.png>] <
Plot1.png, id=78, 361.35pt x 228.855pt>
File: Plot1.png Graphic file (type png)
 <use Plot1.png>
Package pdftex.def Info: Plot1.png used on input line 62.
(pdftex.def)             Requested size: 314.48775pt x 199.16928pt.

[16 <C:/Users/LanzSteff/Dropbox/Uni/Bachelorprojekt/latex/sigmoid.png (PNG copy
)>] <Plot2.png, id=82, 361.35pt x 228.855pt>
File: Plot2.png Graphic file (type png)
 <use Plot2.png>
Package pdftex.def Info: Plot2.png used on input line 70.
(pdftex.def)             Requested size: 269.56172pt x 170.71652pt.
) [17 <C:/Users/LanzSteff/Dropbox/Uni/Bachelorprojekt/latex/Plot1.png (PNG copy
)> <C:/Users/LanzSteff/Dropbox/Uni/Bachelorprojekt/latex/Plot2.png (PNG copy)>]

(C:\Users\LanzSteff\Dropbox\Uni\Bachelorprojekt\latex\funktionen_approximation.
tex <func.png, id=86, 361.35pt x 215.80624pt>
File: func.png Graphic file (type png)
 <use func.png>
Package pdftex.def Info: func.png used on input line 7.
(pdftex.def)             Requested size: 285.86037pt x 170.71652pt.

<approx.png, id=87, 361.35pt x 214.8025pt>
File: approx.png Graphic file (type png)
 <use approx.png>
Package pdftex.def Info: approx.png used on input line 15.
(pdftex.def)             Requested size: 287.18918pt x 170.71652pt.
 [18


 <C:/Users/LanzSteff/Dropbox/Uni/Bachelorprojekt/latex/func.png (PNG copy)>]) [
19 <C:/Users/LanzSteff/Dropbox/Uni/Bachelorprojekt/latex/approx.png (PNG copy)>
]
(C:\Users\LanzSteff\Dropbox\Uni\Bachelorprojekt\latex\abbildung.tex) [20



]
(C:\Users\LanzSteff\Dropbox\Uni\Bachelorprojekt\latex\Bachelor.bbl
Underfull \hbox (badness 1490) in paragraph at lines 27--30
[]\OT1/cmr/m/n/12 Simon Hay-king.  \OT1/cmr/m/it/12 Neu-ro-nal Net-works: a con
-pre-hen-si-ve foun-da-ti-on\OT1/cmr/m/n/12 .
 []

) [21


] (C:\Users\LanzSteff\Dropbox\Uni\Bachelorprojekt\latex\Bachelor.aux
(C:\Users\LanzSteff\Dropbox\Uni\Bachelorprojekt\latex\abstract.aux)
(C:\Users\LanzSteff\Dropbox\Uni\Bachelorprojekt\latex\introduction.aux)
(C:\Users\LanzSteff\Dropbox\Uni\Bachelorprojekt\latex\recurrent.aux)
(C:\Users\LanzSteff\Dropbox\Uni\Bachelorprojekt\latex\elman.aux)
(C:\Users\LanzSteff\Dropbox\Uni\Bachelorprojekt\latex\algorithm.aux)
(C:\Users\LanzSteff\Dropbox\Uni\Bachelorprojekt\latex\system_identification.aux
)
(C:\Users\LanzSteff\Dropbox\Uni\Bachelorprojekt\latex\funktionen_approximation.
aux) (C:\Users\LanzSteff\Dropbox\Uni\Bachelorprojekt\latex\abbildung.aux)) ) 
Here is how much of TeX's memory you used:
 2944 strings out of 494045
 39611 string characters out of 3148376
 98923 words of memory out of 3000000
 6118 multiletter control sequences out of 15000+200000
 12630 words of font info for 48 fonts, out of 3000000 for 9000
 715 hyphenation exceptions out of 8191
 31i,11n,45p,757b,292s stack positions out of 5000i,500n,10000p,200000b,50000s
<C:
/Program Files/MiKTeX 2.9/fonts/type1/public/amsfonts/cm/cmbx12.pfb><C:/Program
 Files/MiKTeX 2.9/fonts/type1/public/amsfonts/cm/cmcsc10.pfb><C:/Program Files/
MiKTeX 2.9/fonts/type1/public/amsfonts/cm/cmex10.pfb><C:/Program Files/MiKTeX 2
.9/fonts/type1/public/amsfonts/cm/cmmi12.pfb><C:/Program Files/MiKTeX 2.9/fonts
/type1/public/amsfonts/cm/cmmi6.pfb><C:/Program Files/MiKTeX 2.9/fonts/type1/pu
blic/amsfonts/cm/cmmi8.pfb><C:/Program Files/MiKTeX 2.9/fonts/type1/public/amsf
onts/cm/cmr12.pfb><C:/Program Files/MiKTeX 2.9/fonts/type1/public/amsfonts/cm/c
mr6.pfb><C:/Program Files/MiKTeX 2.9/fonts/type1/public/amsfonts/cm/cmr8.pfb><C
:/Program Files/MiKTeX 2.9/fonts/type1/public/amsfonts/cm/cmsl12.pfb><C:/Progra
m Files/MiKTeX 2.9/fonts/type1/public/amsfonts/cm/cmsy10.pfb><C:/Program Files/
MiKTeX 2.9/fonts/type1/public/amsfonts/cm/cmsy6.pfb><C:/Program Files/MiKTeX 2.
9/fonts/type1/public/amsfonts/cm/cmsy8.pfb><C:/Program Files/MiKTeX 2.9/fonts/t
ype1/public/amsfonts/cm/cmti12.pfb>
Output written on Bachelor.pdf (22 pages, 546385 bytes).
PDF statistics:
 148 PDF objects out of 1000 (max. 8388607)
 0 named destinations out of 1000 (max. 500000)
 71 words of extra memory for PDF output out of 10000 (max. 10000000)

